usb_control_mass_storage.c:79:[wp] warning: Missing 'calls' for default behavior
usb_control_mass_storage.c:59:[wp] warning: Missing 'calls' for default behavior
usb_bbb.c:227:[wp] warning: \valid_function not yet implemented
(rte: function_pointer: \valid_function(bbb_ctx.cb_data_received))
usb_bbb.c:227:[wp] warning: \valid_function not yet implemented
(rte: pointer_value: \valid_function(bbb_ctx.cb_data_received))
usb_bbb.c:261:[wp] warning: \valid_function not yet implemented
(rte: function_pointer: \valid_function(bbb_ctx.cb_data_sent))
usb_bbb.c:261:[wp] warning: \valid_function not yet implemented
(rte: pointer_value: \valid_function(bbb_ctx.cb_data_sent))
scsi.c:634:[wp] warning: Logic cast from struct (cdb_t) not implemented yet
usb_bbb.c:406:[wp] warning: Cast with incompatible pointers types (source: scsi_csw*) (target: uint8*)
usb_bbb.c:128:[wp] warning: Cast with incompatible pointers types (source: scsi_cbw*) (target: uint8*)
framac/entrypoint.c:418:[wp] warning: Missing assigns clause (assigns 'everything' instead)
framac/entrypoint.c:267:[wp] warning: Missing assigns clause (assigns 'everything' instead)
/home/phil/Travail/Wookey/soft/gitlab/newusb//libs/std/api/libc/sanhandlers.h:32:[wp] warning: Missing assigns clause (assigns 'everything' instead)
scsi.c:945:[wp] warning: Cast with incompatible pointers types
   (source: __anonstruct_capacity_list_t_109*) (target: uint8*)
scsi.c:950:[wp] warning: Cast with incompatible pointers types
   (source: __anonstruct_capacity_list_t_109*) (target: uint8*)
scsi.c:1078:[wp] warning: calculus failed on strategy
for 'scsi_cmd_read_data6', behavior 'default!', all properties, both assigns or not
because unsupported non-natural loop without invariant property. (abort)
scsi.c:1078:[wp] warning: calculus failed on strategy
for 'scsi_cmd_read_data6', behavior 'badstate', all properties, both assigns or not
because unsupported non-natural loop without invariant property. (abort)
scsi.c:1078:[wp] warning: calculus failed on strategy
for 'scsi_cmd_read_data6', behavior 'ok', all properties, both assigns or not
because unsupported non-natural loop without invariant property. (abort)
scsi.c:1232:[wp] warning: calculus failed on strategy
for 'scsi_cmd_read_data10', behavior 'default!', all properties, both assigns or not
because unsupported non-natural loop without invariant property. (abort)
scsi.c:1232:[wp] warning: calculus failed on strategy
for 'scsi_cmd_read_data10', behavior 'badstate', all properties, both assigns or not
because unsupported non-natural loop without invariant property. (abort)
scsi.c:1232:[wp] warning: calculus failed on strategy
for 'scsi_cmd_read_data10', behavior 'ok', all properties, both assigns or not
because unsupported non-natural loop without invariant property. (abort)
scsi.c:1349:[wp] warning: Cast with incompatible pointers types
   (source: __anonstruct_read_capacity10_parameter_data_t_102*)
   (target: uint8*)
scsi.c:1451:[wp] warning: Cast with incompatible pointers types
   (source: __anonstruct_read_capacity16_parameter_data_t_103*)
   (target: uint8*)
scsi.c:1432:[wp] warning: Cast with incompatible pointers types
   (source: __anonstruct_read_capacity16_parameter_data_t_103*)
   (target: sint8*)
scsi.c:1551:[wp] warning: Cast with incompatible pointers types
   (source: __anonstruct_report_luns_data_t_104*) (target: uint8*)
scsi.c:1675:[wp] warning: Cast with incompatible pointers types
   (source: __anonstruct_mode_parameter10_data_t_116*) (target: uint8*)
scsi.c:1712:[wp] warning: Cast with incompatible pointers types
   (source: __anonunion_u_mode_parameter_117*) (target: uint8*)
scsi.c:350:[wp] warning: Concretization for comprehension sets not implemented yet
scsi.c:339:[wp] warning: Concretization for comprehension sets not implemented yet
/home/phil/Travail/Wookey/soft/gitlab/newusb//libs/std/api/libc/sanhandlers.h:32:[wp] warning: Missing assigns clause (assigns 'everything' instead)
usb_bbb.c:192:[wp] warning: \valid_function not yet implemented
(rte: function_pointer: \valid_function(bbb_ctx.cb_cmd_received))
usb_bbb.c:192:[wp] warning: \valid_function not yet implemented
(rte: pointer_value: \valid_function(bbb_ctx.cb_cmd_received))
/home/phil/Travail/Wookey/soft/gitlab/newusb//libs/std/api/libc/sanhandlers.h:32:[wp] warning: Missing assigns clause (assigns 'everything' instead)
scsi.c:1078:[wp] warning: calculus failed on strategy
for 'scsi_cmd_read_data6_0', behavior 'default!', all properties, both assigns or not
because unsupported non-natural loop without invariant property. (abort)
scsi.c:1078:[wp] warning: calculus failed on strategy
for 'scsi_cmd_read_data6_0', behavior 'badstate', all properties, both assigns or not
because unsupported non-natural loop without invariant property. (abort)
scsi.c:1078:[wp] warning: calculus failed on strategy
for 'scsi_cmd_read_data6_0', behavior 'ok', all properties, both assigns or not
because unsupported non-natural loop without invariant property. (abort)
scsi.c:1232:[wp] warning: calculus failed on strategy
for 'scsi_cmd_read_data10_0', behavior 'default!', all properties, both assigns or not
because unsupported non-natural loop without invariant property. (abort)
scsi.c:1232:[wp] warning: calculus failed on strategy
for 'scsi_cmd_read_data10_0', behavior 'badstate', all properties, both assigns or not
because unsupported non-natural loop without invariant property. (abort)
scsi.c:1232:[wp] warning: calculus failed on strategy
for 'scsi_cmd_read_data10_0', behavior 'ok', all properties, both assigns or not
because unsupported non-natural loop without invariant property. (abort)
[wp] 1509 goals scheduled
[wp] [Failed] Goal typed_ref_lemma_u16_and_is_u16
Z3 4.4.1: Timeout (15s) (cached)
CVC4 1.6: Unknown (cached)
Alt-Ergo 2.3.2: Timeout (15s) (cached)
[wp] [Failed] Goal typed_ref_enter_critical_section_assigns_exit
Z3 4.4.1: Timeout (Qed:0.82ms) (15s) (cached)
CVC4 1.6: Unknown (Qed:0.82ms) (cached)
Alt-Ergo 2.3.2: Timeout (Qed:0.82ms) (15s) (cached)
[wp] [Failed] Goal typed_ref_enter_critical_section_assigns_normal_part1
Z3 4.4.1: Timeout (Qed:1ms) (15s) (cached)
CVC4 1.6: Unknown (Qed:1ms) (cached)
Alt-Ergo 2.3.2: Timeout (Qed:1ms) (15s) (cached)
[wp] [Failed] Goal typed_ref_enter_critical_section_0_assigns_exit
Z3 4.4.1: Timeout (Qed:0.96ms) (15s) (cached)
CVC4 1.6: Unknown (Qed:0.96ms) (cached)
Alt-Ergo 2.3.2: Timeout (Qed:0.96ms) (15s) (cached)
[wp] [Failed] Goal typed_ref_enter_critical_section_0_assigns_normal_part1
Z3 4.4.1: Timeout (Qed:1ms) (15s) (cached)
CVC4 1.6: Unknown (Qed:1ms) (cached)
Alt-Ergo 2.3.2: Timeout (Qed:1ms) (15s) (cached)
[wp] [Failed] Goal typed_ref_handler_sanity_check_assigns_part1
Z3 4.4.1: Timeout (Qed:1ms) (15s) (cached)
CVC4 1.6: Unknown (Qed:1ms) (cached)
Alt-Ergo 2.3.2: Timeout (Qed:1ms) (15s) (cached)
[wp] [Failed] Goal typed_ref_handler_sanity_check_0_assigns_part1
Z3 4.4.1: Timeout (Qed:2ms) (15s) (cached)
CVC4 1.6: Unknown (Qed:2ms) (cached)
Alt-Ergo 2.3.2: Timeout (Qed:2ms) (15s) (cached)
[wp] [Failed] Goal typed_ref_handler_sanity_check_1_assigns_part1
Z3 4.4.1: Timeout (Qed:1ms) (15s) (cached)
CVC4 1.6: Unknown (Qed:1ms) (cached)
Alt-Ergo 2.3.2: Timeout (Qed:1ms) (15s) (cached)
[wp] [Failed] Goal typed_ref_handler_sanity_check_2_assigns_part1
Z3 4.4.1: Timeout (Qed:4ms) (15s) (cached)
CVC4 1.6: Unknown (Qed:4ms) (cached)
Alt-Ergo 2.3.2: Timeout (Qed:4ms) (15s) (cached)
[wp] [Failed] Goal typed_ref_handler_sanity_check_3_assigns_part1
Z3 4.4.1: Timeout (Qed:1ms) (15s) (cached)
CVC4 1.6: Unknown (Qed:1ms) (cached)
Alt-Ergo 2.3.2: Timeout (Qed:1ms) (15s) (cached)
[wp] [Failed] Goal typed_ref_handler_sanity_check_4_assigns_part1
Z3 4.4.1: Timeout (Qed:1ms) (15s) (cached)
CVC4 1.6: Unknown (Qed:1ms) (cached)
Alt-Ergo 2.3.2: Timeout (Qed:1ms) (15s) (cached)
[wp] [Failed] Goal typed_ref_scsi_cmd_inquiry_call_scsi_is_valid_transition_requires
Z3 4.4.1: Timeout (Qed:48ms) (15s)
CVC4 1.6: Unknown (Qed:48ms)
Alt-Ergo 2.3.2: Timeout (Qed:48ms) (15s)
[wp] [Failed] Goal typed_ref_scsi_cmd_inquiry_badstate_ensures
Z3 4.4.1: Timeout (Qed:4.9s) (15s)
CVC4 1.6: Timeout (Qed:4.9s) (15s)
Alt-Ergo 2.3.2: Timeout (Qed:4.9s) (15s)
[wp] [Failed] Goal typed_ref_scsi_cmd_inquiry_badstate_ensures_2
Z3 4.4.1: Timeout (Qed:5.8s) (15s)
CVC4 1.6: Timeout (Qed:5.8s) (15s)
Alt-Ergo 2.3.2: Timeout (Qed:5.8s) (15s)
[wp] [Failed] Goal typed_ref_scsi_cmd_inquiry_0_badstate_ensures
Z3 4.4.1: Timeout (Qed:4.0s) (15s)
CVC4 1.6: Timeout (Qed:4.0s) (15s)
Alt-Ergo 2.3.2: Timeout (Qed:4.0s) (15s)
[wp] [Failed] Goal typed_ref_scsi_cmd_inquiry_0_badstate_ensures_2
Z3 4.4.1: Timeout (Qed:4.6s) (15s)
CVC4 1.6: Timeout (Qed:4.6s) (15s)
Alt-Ergo 2.3.2: Timeout (Qed:4.6s) (15s)
[wp] [Failed] Goal typed_ref_scsi_cmd_mode_select10_call_scsi_is_valid_transition_requires
Z3 4.4.1: Timeout (Qed:14ms) (15s) (cached)
CVC4 1.6: Unknown (Qed:14ms) (cached)
Alt-Ergo 2.3.2: Timeout (Qed:14ms) (15s) (cached)
[wp] [Failed] Goal typed_ref_scsi_cmd_inquiry_0_ok_ensures_3
Z3 4.4.1: Timeout (Qed:4.4s) (15s)
CVC4 1.6: Timeout (Qed:4.4s) (15s)
Alt-Ergo 2.3.2: Timeout (Qed:4.4s) (15s)
[wp] [Failed] Goal typed_ref_scsi_cmd_mode_select10_badstate_ensures
Z3 4.4.1: Timeout (Qed:185ms) (15s)
CVC4 1.6: Unknown (Qed:185ms)
Alt-Ergo 2.3.2: Timeout (Qed:185ms) (15s)
[wp] [Failed] Goal typed_ref_scsi_cmd_mode_select10_0_badstate_ensures
Z3 4.4.1: Timeout (Qed:175ms) (15s)
CVC4 1.6: Unknown (Qed:175ms)
Alt-Ergo 2.3.2: Timeout (Qed:175ms) (15s)
[wp] [Failed] Goal typed_ref_scsi_cmd_mode_select6_call_scsi_is_valid_transition_requires
Z3 4.4.1: Timeout (Qed:10ms) (15s) (cached)
CVC4 1.6: Unknown (Qed:10ms) (cached)
Alt-Ergo 2.3.2: Timeout (Qed:10ms) (15s) (cached)
[wp] [Failed] Goal typed_ref_scsi_cmd_mode_select6_badstate_ensures
Z3 4.4.1: Timeout (Qed:163ms) (15s) (cached)
CVC4 1.6: Unknown (Qed:163ms) (cached)
Alt-Ergo 2.3.2: Timeout (Qed:163ms) (15s) (cached)
[wp] [Failed] Goal typed_ref_scsi_cmd_mode_select6_0_badstate_ensures
Z3 4.4.1: Timeout (Qed:134ms) (15s) (cached)
CVC4 1.6: Unknown (Qed:134ms) (cached)
Alt-Ergo 2.3.2: Timeout (Qed:134ms) (15s) (cached)
[wp] [Failed] Goal typed_ref_scsi_cmd_mode_select10_0_ok_ensures_2
Z3 4.4.1: Timeout (Qed:86ms) (15s)
CVC4 1.6: Unknown (Qed:86ms)
Alt-Ergo 2.3.2: Timeout (Qed:86ms) (15s)
[wp] [Failed] Goal typed_ref_scsi_cmd_mode_select6_0_ok_ensures_2
Z3 4.4.1: Timeout (Qed:73ms) (15s)
CVC4 1.6: Unknown (Qed:73ms) (cached)
Alt-Ergo 2.3.2: Timeout (Qed:73ms) (15s) (cached)
[wp] [Failed] Goal typed_ref_scsi_cmd_mode_sense10_call_scsi_next_state_requires
Z3 4.4.1: Timeout (Qed:11ms) (15s)
CVC4 1.6: Unknown (Qed:11ms)
Alt-Ergo 2.3.2: Timeout (Qed:11ms) (15s)
[wp] [Failed] Goal typed_ref_scsi_cmd_prevent_allow_medium_removal_call_scsi_next_state_requires
Z3 4.4.1: Timeout (Qed:9ms) (15s) (cached)
CVC4 1.6: Unknown (Qed:9ms) (cached)
Alt-Ergo 2.3.2: Timeout (Qed:9ms) (15s) (cached)
[wp] [Failed] Goal typed_ref_scsi_cmd_mode_sense6_call_scsi_next_state_requires
Z3 4.4.1: Timeout (Qed:12ms) (15s)
CVC4 1.6: Unknown (Qed:12ms)
Alt-Ergo 2.3.2: Timeout (Qed:12ms) (15s)
[wp] [Failed] Goal typed_ref_scsi_cmd_read_capacity10_assigns_exit_part8
Z3 4.4.1: Timeout (Qed:57ms) (15s)
CVC4 1.6: Unknown (Qed:57ms)
Alt-Ergo 2.3.2: Timeout (Qed:57ms) (15s)
[wp] [Failed] Goal typed_ref_scsi_cmd_read_capacity10_assigns_normal_part8
Z3 4.4.1: Timeout (Qed:76ms) (15s)
CVC4 1.6: Unknown (Qed:76ms) (cached)
Alt-Ergo 2.3.2: Timeout (Qed:76ms) (15s)
[wp] [Failed] Goal typed_ref_scsi_cmd_read_capacity10_call_scsi_is_valid_transition_requires
Z3 4.4.1: Timeout (Qed:24ms) (15s)
CVC4 1.6: Unknown (Qed:24ms)
Alt-Ergo 2.3.2: Timeout (Qed:24ms) (15s)
[wp] [Failed] Goal typed_ref_scsi_cmd_read_capacity10_badstate_ensures (Stronger)
Z3 4.4.1: Timeout (Qed:599ms) (15s)
CVC4 1.6: Unknown (Qed:599ms)
Alt-Ergo 2.3.2: Timeout (Qed:599ms) (15s)
[wp] [Failed] Goal typed_ref_scsi_cmd_read_capacity10_0_assigns_exit_part8
Z3 4.4.1: Timeout (Qed:49ms) (15s)
CVC4 1.6: Unknown (Qed:49ms)
Alt-Ergo 2.3.2: Timeout (Qed:49ms) (15s)
[wp] [Failed] Goal typed_ref_scsi_cmd_read_capacity10_0_assigns_normal_part8
Z3 4.4.1: Timeout (Qed:75ms) (15s)
CVC4 1.6: Unknown (Qed:75ms) (cached)
Alt-Ergo 2.3.2: Timeout (Qed:75ms) (15s)
[wp] [Failed] Goal typed_ref_scsi_cmd_read_capacity10_0_badstate_ensures (Stronger)
Z3 4.4.1: Timeout (Qed:518ms) (15s)
CVC4 1.6: Unknown (Qed:518ms)
Alt-Ergo 2.3.2: Timeout (Qed:518ms) (15s)
[wp] [Failed] Goal typed_ref_scsi_cmd_read_capacity10_0_ok_ensures_2 (Stronger)
Z3 4.4.1: Timeout (Qed:221ms) (15s)
CVC4 1.6: Unknown (Qed:221ms)
Alt-Ergo 2.3.2: Timeout (Qed:221ms) (15s)
[wp] [Failed] Goal typed_ref_scsi_cmd_read_capacity16_assigns_exit_part07 (Stronger)
Z3 4.4.1: Timeout (Qed:133ms) (15s)
CVC4 1.6: Unknown (Qed:133ms)
Alt-Ergo 2.3.2: Timeout (Qed:133ms) (15s)
[wp] [Failed] Goal typed_ref_scsi_cmd_read_capacity16_assigns_exit_part15
Z3 4.4.1: Timeout (Qed:76ms) (15s)
CVC4 1.6: Unknown (Qed:76ms)
Alt-Ergo 2.3.2: Timeout (Qed:76ms) (15s)
[wp] [Failed] Goal typed_ref_scsi_cmd_read_capacity16_assigns_normal_part07 (Stronger)
Z3 4.4.1: Timeout (Qed:123ms) (15s)
CVC4 1.6: Unknown (Qed:123ms)
Alt-Ergo 2.3.2: Timeout (Qed:123ms) (15s)
[wp] [Failed] Goal typed_ref_scsi_cmd_read_capacity16_assigns_normal_part15
Z3 4.4.1: Timeout (Qed:52ms) (15s)
CVC4 1.6: Unknown (Qed:52ms) (cached)
Alt-Ergo 2.3.2: Timeout (Qed:52ms) (15s) (cached)
[wp] [Failed] Goal typed_ref_scsi_cmd_read_capacity16_call_scsi_is_valid_transition_requires
Z3 4.4.1: Timeout (Qed:17ms) (15s)
CVC4 1.6: Unknown (Qed:17ms)
Alt-Ergo 2.3.2: Timeout (Qed:17ms) (15s)
[wp] [Failed] Goal typed_ref_scsi_cmd_read_capacity16_badstate_ensures (Stronger, 2 warnings)
Z3 4.4.1: Timeout (Qed:920ms) (15s)
CVC4 1.6: Unknown (Qed:920ms)
Alt-Ergo 2.3.2: Timeout (Qed:920ms) (15s)
[wp] [Failed] Goal typed_ref_scsi_cmd_read_capacity16_0_assigns_exit_part07 (Stronger)
Z3 4.4.1: Timeout (Qed:129ms) (15s)
CVC4 1.6: Unknown (Qed:129ms)
Alt-Ergo 2.3.2: Timeout (Qed:129ms) (15s)
[wp] [Failed] Goal typed_ref_scsi_cmd_read_capacity16_0_assigns_exit_part15
Z3 4.4.1: Timeout (Qed:49ms) (15s)
CVC4 1.6: Unknown (Qed:49ms)
Alt-Ergo 2.3.2: Timeout (Qed:49ms) (15s)
[wp] [Failed] Goal typed_ref_scsi_cmd_read_capacity16_0_assigns_normal_part15
Z3 4.4.1: Timeout (Qed:52ms) (15s) (cached)
CVC4 1.6: Unknown (Qed:52ms) (cached)
Alt-Ergo 2.3.2: Timeout (Qed:52ms) (15s) (cached)
[wp] [Failed] Goal typed_ref_scsi_cmd_read_capacity16_0_assigns_normal_part07 (Stronger)
Z3 4.4.1: Timeout (Qed:120ms) (15s)
CVC4 1.6: Unknown (Qed:120ms)
Alt-Ergo 2.3.2: Timeout (Qed:120ms) (15s)
[wp] [Failed] Goal typed_ref_scsi_cmd_read_capacity16_0_badstate_ensures (Stronger, 2 warnings)
Z3 4.4.1: Timeout (Qed:761ms) (15s)
CVC4 1.6: Unknown (Qed:761ms)
Alt-Ergo 2.3.2: Timeout (Qed:761ms) (15s)
[wp] [Failed] Goal typed_ref_scsi_cmd_read_capacity16_0_ok_ensures_2 (Stronger, 2 warnings)
Z3 4.4.1: Timeout (Qed:415ms) (15s)
CVC4 1.6: Unknown (Qed:415ms)
Alt-Ergo 2.3.2: Timeout (Qed:415ms) (15s)
[wp] [Failed] Goal typed_ref_scsi_cmd_read_format_capacities_call_scsi_is_valid_transition_requires
Z3 4.4.1: Unknown (Qed:20ms)
CVC4 1.6: Unknown (Qed:20ms)
Alt-Ergo 2.3.2: Timeout (Qed:20ms) (15s)
[wp] [Failed] Goal typed_ref_scsi_cmd_read_format_capacities_badstate_ensures (Stronger, 2 warnings)
Z3 4.4.1: Timeout (Qed:820ms) (15s)
CVC4 1.6: Unknown (Qed:820ms)
Alt-Ergo 2.3.2: Timeout (Qed:820ms) (15s)
[wp] [Failed] Goal typed_ref_scsi_cmd_read_format_capacities_0_badstate_ensures (Stronger, 2 warnings)
Z3 4.4.1: Timeout (Qed:713ms) (15s)
CVC4 1.6: Unknown (Qed:713ms)
Alt-Ergo 2.3.2: Timeout (Qed:713ms) (15s)
[wp] [Failed] Goal typed_ref_scsi_cmd_report_luns_complete_ok_badinput_badstate
Z3 4.4.1: Timeout (Qed:11ms) (15s) (cached)
CVC4 1.6: Unknown (Qed:11ms) (cached)
Alt-Ergo 2.3.2: Timeout (Qed:11ms) (15s) (cached)
[wp] [Failed] Goal typed_ref_scsi_cmd_report_luns_disjoint_ok_badinput_badstate
Z3 4.4.1: Timeout (Qed:12ms) (15s) (cached)
CVC4 1.6: Unknown (Qed:12ms) (cached)
Alt-Ergo 2.3.2: Timeout (Qed:12ms) (15s) (cached)
[wp] [Failed] Goal typed_ref_scsi_cmd_read_format_capacities_0_ok_ensures_2 (Stronger, 2 warnings)
Z3 4.4.1: Timeout (Qed:638ms) (15s)
CVC4 1.6: Timeout (Qed:638ms) (15s)
Alt-Ergo 2.3.2: Timeout (Qed:638ms) (15s)
[wp] [Failed] Goal typed_ref_scsi_cmd_report_luns_call_scsi_is_valid_transition_requires
Z3 4.4.1: Timeout (Qed:23ms) (15s)
CVC4 1.6: Unknown (Qed:23ms)
Alt-Ergo 2.3.2: Timeout (Qed:23ms) (15s)
[wp] [Failed] Goal typed_ref_scsi_cmd_report_luns_badstate_ensures (Stronger)
Z3 4.4.1: Timeout (Qed:994ms) (15s)
CVC4 1.6: Timeout (Qed:994ms) (15s)
Alt-Ergo 2.3.2: Timeout (Qed:994ms) (15s)
[wp] [Failed] Goal typed_ref_scsi_cmd_report_luns_badstate_ensures_2 (Stronger)
Z3 4.4.1: Timeout (Qed:987ms) (15s)
CVC4 1.6: Timeout (Qed:987ms) (15s)
Alt-Ergo 2.3.2: Timeout (Qed:987ms) (15s)
[wp] [Failed] Goal typed_ref_scsi_cmd_report_luns_0_complete_ok_badinput_badstate
Z3 4.4.1: Timeout (Qed:11ms) (15s) (cached)
CVC4 1.6: Unknown (Qed:11ms) (cached)
Alt-Ergo 2.3.2: Timeout (Qed:11ms) (15s) (cached)
[wp] [Failed] Goal typed_ref_scsi_cmd_report_luns_0_disjoint_ok_badinput_badstate
Z3 4.4.1: Timeout (Qed:14ms) (15s) (cached)
CVC4 1.6: Unknown (Qed:14ms) (cached)
Alt-Ergo 2.3.2: Timeout (Qed:14ms) (15s) (cached)
[wp] [Failed] Goal typed_ref_scsi_cmd_report_luns_ok_ensures_2 (Stronger)
Z3 4.4.1: Timeout (Qed:958ms) (15s)
CVC4 1.6: Timeout (Qed:958ms) (15s)
Alt-Ergo 2.3.2: Timeout (Qed:958ms) (15s)
[wp] [Failed] Goal typed_ref_scsi_cmd_report_luns_0_badstate_ensures (Stronger)
Z3 4.4.1: Timeout (Qed:945ms) (15s)
CVC4 1.6: Timeout (Qed:945ms) (15s)
Alt-Ergo 2.3.2: Timeout (Qed:945ms) (15s)
[wp] [Failed] Goal typed_ref_scsi_cmd_report_luns_0_badstate_ensures_2 (Stronger)
Z3 4.4.1: Timeout (Qed:1s) (15s)
CVC4 1.6: Timeout (Qed:1s) (15s)
Alt-Ergo 2.3.2: Timeout (Qed:1s) (15s)
[wp] [Failed] Goal typed_ref_scsi_cmd_test_unit_ready_call_scsi_is_valid_transition_requires
Z3 4.4.1: Timeout (Qed:15ms) (15s) (cached)
CVC4 1.6: Unknown (Qed:15ms) (cached)
Alt-Ergo 2.3.2: Timeout (Qed:15ms) (15s) (cached)
[wp] [Failed] Goal typed_ref_scsi_cmd_test_unit_ready_badstate_ensures
Z3 4.4.1: Timeout (Qed:212ms) (15s) (cached)
CVC4 1.6: Unknown (Qed:212ms) (cached)
Alt-Ergo 2.3.2: Timeout (Qed:212ms) (15s) (cached)
[wp] [Failed] Goal typed_ref_scsi_cmd_test_unit_ready_0_badstate_ensures
Z3 4.4.1: Timeout (Qed:196ms) (15s) (cached)
CVC4 1.6: Unknown (Qed:196ms) (cached)
Alt-Ergo 2.3.2: Timeout (Qed:196ms) (15s) (cached)
[wp] [Failed] Goal typed_ref_scsi_cmd_test_unit_ready_0_ok_ensures_2
Z3 4.4.1: Timeout (Qed:104ms) (15s) (cached)
CVC4 1.6: Unknown (Qed:104ms) (cached)
Alt-Ergo 2.3.2: Timeout (Qed:104ms) (15s) (cached)
[wp] [Failed] Goal typed_ref_scsi_cmd_report_luns_0_ok_ensures_2 (Stronger)
Z3 4.4.1: Timeout (Qed:932ms) (15s)
CVC4 1.6: Timeout (Qed:932ms) (15s)
Alt-Ergo 2.3.2: Timeout (Qed:932ms) (15s)
[wp] [Failed] Goal typed_ref_scsi_cmd_request_sense_call_scsi_next_state_requires
Z3 4.4.1: Timeout (Qed:14ms) (15s)
CVC4 1.6: Unknown (Qed:14ms)
Alt-Ergo 2.3.2: Timeout (Qed:14ms) (15s)
[wp] [Failed] Goal typed_ref_scsi_storage_backend_capacity_assigns_exit
Z3 4.4.1: Timeout (Qed:0.69ms) (15s) (cached)
CVC4 1.6: Unknown (Qed:0.69ms) (cached)
Alt-Ergo 2.3.2: Timeout (Qed:0.69ms) (15s) (cached)
[wp] [Failed] Goal typed_ref_scsi_storage_backend_capacity_assigns_normal_part2
Z3 4.4.1: Timeout (Qed:2ms) (15s) (cached)
CVC4 1.6: Unknown (Qed:2ms) (cached)
Alt-Ergo 2.3.2: Timeout (Qed:2ms) (15s) (cached)
[wp] [Failed] Goal typed_ref_scsi_storage_backend_read_assigns_exit
Z3 4.4.1: Timeout (Qed:0.88ms) (15s) (cached)
CVC4 1.6: Unknown (Qed:0.88ms) (cached)
Alt-Ergo 2.3.2: Timeout (Qed:0.88ms) (15s) (cached)
[wp] [Failed] Goal typed_ref_scsi_storage_backend_read_assigns_normal_part1
Z3 4.4.1: Timeout (Qed:1ms) (15s) (cached)
CVC4 1.6: Unknown (Qed:1ms) (cached)
Alt-Ergo 2.3.2: Timeout (Qed:1ms) (15s) (cached)
[wp] [Failed] Goal typed_ref_scsi_storage_backend_write_assigns_exit
Z3 4.4.1: Timeout (Qed:0.81ms) (15s) (cached)
CVC4 1.6: Unknown (Qed:0.81ms) (cached)
Alt-Ergo 2.3.2: Timeout (Qed:0.81ms) (15s) (cached)
[wp] [Failed] Goal typed_ref_scsi_storage_backend_write_assigns_normal_part1
Z3 4.4.1: Timeout (Qed:1ms) (15s) (cached)
CVC4 1.6: Unknown (Qed:1ms) (cached)
Alt-Ergo 2.3.2: Timeout (Qed:1ms) (15s) (cached)
[wp] [Failed] Goal typed_ref_scsi_parse_cdb_ok_ensures (Stronger)
Z3 4.4.1: Timeout (Qed:36ms) (15s)
CVC4 1.6: Timeout (Qed:36ms) (15s)
Alt-Ergo 2.3.2: Timeout (Qed:36ms) (15s)
[wp] [Failed] Goal typed_ref_scsi_write_data10_assert_rte_unsigned_overflow (Stronger, 2 warnings)
Z3 4.4.1: Timeout (Qed:292ms) (15s)
CVC4 1.6: Unknown (Qed:292ms)
Alt-Ergo 2.3.2: Timeout (Qed:292ms) (15s)
[wp] [Failed] Goal typed_ref_scsi_write_data10_call_scsi_is_valid_transition_requires
Z3 4.4.1: Timeout (Qed:10ms) (15s) (cached)
CVC4 1.6: Unknown (Qed:10ms) (cached)
Alt-Ergo 2.3.2: Timeout (Qed:10ms) (15s) (cached)
[wp] [Failed] Goal typed_ref_scsi_write_data10_loop_assigns_part2 (Stronger, 2 warnings)
Z3 4.4.1: Timeout (Qed:231ms) (15s)
CVC4 1.6: Unknown (Qed:231ms)
Alt-Ergo 2.3.2: Timeout (Qed:231ms) (15s)
[wp] [Failed] Goal typed_ref_scsi_write_data10_badstate_ensures (Stronger, 2 warnings)
Z3 4.4.1: Timeout (Qed:2.0s) (15s)
CVC4 1.6: Unknown (Qed:2.0s)
Alt-Ergo 2.3.2: Timeout (Qed:2.0s) (15s)
[wp] [Failed] Goal typed_ref_scsi_write_data10_0_badstate_ensures (Stronger, 2 warnings)
Z3 4.4.1: Timeout (Qed:2s) (15s)
CVC4 1.6: Unknown (Qed:2s) (cached)
Alt-Ergo 2.3.2: Timeout (Qed:2s) (15s)
[wp] [Failed] Goal typed_ref_scsi_write_data10_0_ok_ensures_2 (Stronger, 2 warnings)
Z3 4.4.1: Timeout (Qed:1.7s) (15s)
CVC4 1.6: Unknown (Qed:1.7s)
Alt-Ergo 2.3.2: Timeout (Qed:1.7s) (15s)
[wp] [Failed] Goal typed_ref_scsi_write_data6_assert_rte_unsigned_downcast
Z3 4.4.1: Timeout (Qed:139ms) (15s)
CVC4 1.6: Unknown (Qed:139ms)
Alt-Ergo 2.3.2: Timeout (Qed:139ms) (15s)
[wp] [Failed] Goal typed_ref_scsi_write_data6_call_scsi_is_valid_transition_requires
Z3 4.4.1: Timeout (Qed:13ms) (15s) (cached)
CVC4 1.6: Unknown (Qed:13ms) (cached)
Alt-Ergo 2.3.2: Timeout (Qed:13ms) (15s) (cached)
[wp] [Failed] Goal typed_ref_scsi_write_data6_assert_rte_unsigned_overflow (Stronger, 2 warnings)
Z3 4.4.1: Timeout (Qed:278ms) (15s)
CVC4 1.6: Unknown (Qed:278ms)
Alt-Ergo 2.3.2: Timeout (Qed:278ms) (15s)
[wp] [Failed] Goal typed_ref_scsi_write_data6_loop_assigns_part2 (Stronger, 2 warnings)
Z3 4.4.1: Timeout (Qed:286ms) (15s)
CVC4 1.6: Unknown (Qed:286ms)
Alt-Ergo 2.3.2: Timeout (Qed:286ms) (15s)
[wp] [Failed] Goal typed_ref_scsi_write_data6_badstate_ensures (Stronger, 2 warnings)
Z3 4.4.1: Timeout (Qed:2.5s) (15s)
CVC4 1.6: Unknown (Qed:2.5s)
Alt-Ergo 2.3.2: Timeout (Qed:2.5s) (15s)
[wp] [Failed] Goal typed_ref_scsi_write_data6_0_badstate_ensures (Stronger, 2 warnings)
Z3 4.4.1: Timeout (Qed:2.1s) (15s)
CVC4 1.6: Unknown (Qed:2.1s) (cached)
Alt-Ergo 2.3.2: Timeout (Qed:2.1s) (15s)
[wp] [Failed] Goal typed_ref_scsi_write_data6_0_ok_ensures_2 (Stronger, 2 warnings)
Z3 4.4.1: Timeout (Qed:1.7s) (15s)
CVC4 1.6: Unknown (Qed:1.7s)
Alt-Ergo 2.3.2: Timeout (Qed:1.7s) (15s)
[wp] [Failed] Goal typed_ref_storage_read_assigns_exit
Z3 4.4.1: Timeout (Qed:1ms) (15s) (cached)
CVC4 1.6: Unknown (Qed:1ms) (cached)
Alt-Ergo 2.3.2: Timeout (Qed:1ms) (15s) (cached)
[wp] [Failed] Goal typed_ref_storage_read_assigns_normal_part1
Z3 4.4.1: Timeout (Qed:1ms) (15s) (cached)
CVC4 1.6: Unknown (Qed:1ms) (cached)
Alt-Ergo 2.3.2: Timeout (Qed:1ms) (15s) (cached)
[wp] [Failed] Goal typed_ref_storage_write_assigns_exit
Z3 4.4.1: Timeout (Qed:0.51ms) (15s) (cached)
CVC4 1.6: Unknown (Qed:0.51ms) (cached)
Alt-Ergo 2.3.2: Timeout (Qed:0.51ms) (15s) (cached)
[wp] [Failed] Goal typed_ref_storage_write_assigns_normal_part1
Z3 4.4.1: Timeout (Qed:0.76ms) (15s) (cached)
CVC4 1.6: Unknown (Qed:0.76ms) (cached)
Alt-Ergo 2.3.2: Timeout (Qed:0.76ms) (15s) (cached)
[wp] [Failed] Goal typed_ref_test_fcn_driver_eva_assert
Z3 4.4.1: Timeout (Qed:58ms) (15s)
CVC4 1.6: Unknown (Qed:58ms)
Alt-Ergo 2.3.2: Timeout (Qed:58ms) (15s)
[wp] [Failed] Goal typed_ref_test_fcn_driver_eva_assert_Eva_pointer_value
Z3 4.4.1: Timeout (Qed:75ms) (15s)
CVC4 1.6: Unknown (Qed:75ms)
Alt-Ergo 2.3.2: Timeout (Qed:75ms) (15s)
[wp] [Failed] Goal typed_ref_test_fcn_driver_eva_assert_rte_mem_access
Z3 4.4.1: Timeout (Qed:111ms) (15s)
CVC4 1.6: Unknown (Qed:111ms)
Alt-Ergo 2.3.2: Timeout (Qed:111ms) (15s)
[wp] [Failed] Goal typed_ref_test_fcn_driver_eva_assert_rte_pointer_value
Z3 4.4.1: Timeout (Qed:85ms) (15s)
CVC4 1.6: Unknown (Qed:85ms) (cached)
Alt-Ergo 2.3.2: Timeout (Qed:85ms) (15s) (cached)
[wp] [Failed] Goal typed_ref_test_fcn_driver_eva_assert_rte_mem_access_2
Z3 4.4.1: Timeout (Qed:186ms) (15s)
CVC4 1.6: Unknown (Qed:186ms)
Alt-Ergo 2.3.2: Timeout (Qed:186ms) (15s)
[wp] [Failed] Goal typed_ref_usb_bbb_cmd_received_assigns_exit_part2 (Stronger, 3 warnings)
Z3 4.4.1: Timeout (Qed:82ms) (15s)
CVC4 1.6: Unknown (Qed:82ms)
Alt-Ergo 2.3.2: Timeout (Qed:82ms) (15s)
[wp] [Failed] Goal typed_ref_usb_bbb_cmd_received_0_assigns_exit_part2 (Stronger, 3 warnings)
Z3 4.4.1: Timeout (Qed:53ms) (15s) (cached)
CVC4 1.6: Unknown (Qed:53ms) (cached)
Alt-Ergo 2.3.2: Timeout (Qed:53ms) (15s) (cached)
[wp] [Failed] Goal typed_ref_usb_bbb_cmd_received_assigns_normal_part6 (Stronger, 3 warnings)
Z3 4.4.1: Timeout (Qed:83ms) (15s)
CVC4 1.6: Unknown (Qed:83ms)
Alt-Ergo 2.3.2: Timeout (Qed:83ms) (15s)
[wp] [Failed] Goal typed_ref_usb_bbb_cmd_received_0_assigns_normal_part6 (Stronger, 3 warnings)
Z3 4.4.1: Timeout (Qed:55ms) (15s)
CVC4 1.6: Unknown (Qed:55ms) (cached)
Alt-Ergo 2.3.2: Timeout (Qed:55ms) (15s)
[wp] [Failed] Goal typed_ref_usb_bbb_cmd_received_0_call_scsi_parse_cdb_requires (Stronger, 2 warnings)
Z3 4.4.1: Timeout (Qed:80ms) (15s)
CVC4 1.6: Unknown (Qed:80ms)
Alt-Ergo 2.3.2: Timeout (Qed:80ms) (15s)
[wp] [Failed] Goal typed_ref_usb_bbb_cmd_received_0_call_scsi_parse_cdb_requires_2 (Stronger, 2 warnings)
Z3 4.4.1: Timeout (Qed:82ms) (15s)
CVC4 1.6: Unknown (Qed:82ms)
Alt-Ergo 2.3.2: Timeout (Qed:82ms) (15s)
[wp] [Failed] Goal typed_ref_usb_bbb_cmd_received_0_call_scsi_parse_cdb_requires (Stronger, 2 warnings)
Z3 4.4.1: Timeout (Qed:55ms) (15s)
CVC4 1.6: Unknown (Qed:55ms) (cached)
Alt-Ergo 2.3.2: Timeout (Qed:55ms) (15s)
[wp] [Failed] Goal typed_ref_usb_bbb_cmd_received_0_call_scsi_parse_cdb_requires_2 (Stronger, 2 warnings)
Z3 4.4.1: Timeout (Qed:80ms) (15s)
CVC4 1.6: Unknown (Qed:80ms) (cached)
Alt-Ergo 2.3.2: Timeout (Qed:80ms) (15s) (cached)
[wp] [Failed] Goal typed_ref_usb_bbb_data_received_assigns_exit_part2 (Stronger, 2 warnings)
Z3 4.4.1: Timeout (Qed:14ms) (15s)
CVC4 1.6: Unknown (Qed:14ms)
Alt-Ergo 2.3.2: Timeout (Qed:14ms) (15s)
[wp] [Failed] Goal typed_ref_usb_bbb_data_received_assigns_normal_part3 (Stronger, 2 warnings)
Z3 4.4.1: Timeout (Qed:32ms) (15s)
CVC4 1.6: Unknown (Qed:32ms)
Alt-Ergo 2.3.2: Timeout (Qed:32ms) (15s)
[wp] [Cache] found:867, updated:264
[wp] Proved goals: 1402 / 1509
Qed:            1101  (0.05ms-35ms-4.6s)
Alt-Ergo 2.3.2:  298  (15ms-6.4s-15s) (954) (interrupted: 107) (cached: 305)
CVC4 1.6:        264  (50ms-588ms-2s) (interrupted: 13) (unknown: 94) (cached: 290)
Z3 4.4.1:        248  (30ms-15s) (interrupted: 106) (unknown: 1) (cached: 272)
[wp] warning: Memory model hypotheses for function 'usbotghs_send_data':
/*@ behavior typed_ref: requires \separated(&usbotghs_ctx,src+(..)); */
mbed_error_t usbotghs_send_data(uint8_t *src, uint32_t size, uint8_t ep_id);
[wp] warning: Memory model hypotheses for function 'usbotghs_set_recv_fifo':
/*@ behavior typed_ref: requires \separated(&usbotghs_ctx,dst+(..)); */
mbed_error_t usbotghs_set_recv_fifo(uint8_t *dst, uint32_t size, uint8_t epid);
[wp] warning: Memory model hypotheses for function 'usbctrl_get_context':
/*@ behavior typed_ref: requires \separated(&num_ctx,ctx+(..)); */
mbed_error_t usbctrl_get_context(uint32_t device_id, usbctrl_context_t **ctx);
[wp] warning: Memory model hypotheses for function 'usbctrl_declare':
/*@
   behavior typed_ref:
   requires \separated(\union(&usbotghs_ctx,&num_ctx,ctx_list+(..)),
              ctxh+(..));
   */
mbed_error_t usbctrl_declare(uint32_t dev_id, uint32_t *ctxh);
[wp] warning: Memory model hypotheses for function 'usbctrl_declare_interface':
/*@
   behavior typed_ref:
   requires \separated(\union(&usbotghs_ctx,&num_ctx,ctx_list+(..)),
              iface+(..));
   */
mbed_error_t usbctrl_declare_interface(uint32_t ctxh,
                                       usbctrl_interface_t *iface);
[wp] warning: Memory model hypotheses for function 'scsi_parse_cdb':
/*@
   behavior typed_ref:
   requires \separated(\union(&scsi_ctx,&reset_requested),cdb+(..));
   */
void scsi_parse_cdb(uint8_t *cdb, uint8_t cdb_len);
[wp] warning: Memory model hypotheses for function 'scsi_storage_backend_capacity':
/*@
   behavior typed_ref:
   requires \separated(numblocks,blocksize,&Frama_C_entropy_source_8);
   requires \valid(numblocks);
   requires \valid(blocksize);
   */
mbed_error_t scsi_storage_backend_capacity(uint32_t *numblocks,
                                           uint32_t *blocksize);
[wp] warning: Memory model hypotheses for function 'scsi_early_init':
/*@
   behavior typed_ref:
   requires \separated(\union(&bbb_ctx,&cbw,&state,&scsi_ctx),buf+(..));
   */
mbed_error_t scsi_early_init(uint8_t *buf, uint16_t len);
[wp] warning: Memory model hypotheses for function 'scsi_send_data':
/*@
   behavior typed_ref:
   requires \separated(\union(&usbotghs_ctx,&bbb_ctx,&cbw,&scsi_ctx),
              data+(..));
   */
void scsi_send_data(uint8_t *data, uint32_t size);
[wp] warning: Memory model hypotheses for function 'usb_bbb_declare':
/*@
   behavior typed_ref:
   requires \separated(&bbb_ctx,
              \union(cmd_received+(..),data_received+(..),data_sent+(..)));
   */
void usb_bbb_declare(void (*cmd_received)(uint8_t *cdb, uint8_t cdb_len),
                     void (*data_received)(uint32_t size),
                     void (*data_sent)(void));
[wp] warning: Memory model hypotheses for function 'usb_bbb_send':
/*@
   behavior typed_ref:
   requires \separated(\union(&usbotghs_ctx,&bbb_ctx,&cbw),src+(..));
   */
void usb_bbb_send(uint8_t const *src, uint32_t size);
[wp] warning: Memory model hypotheses for function 'usb_bbb_recv':
/*@
   behavior typed_ref:
   requires \separated(\union(&usbotghs_ctx,&bbb_ctx,&cbw),dst+(..));
   */
void usb_bbb_recv(uint8_t *dst, uint32_t size);
[wp] warning: Memory model hypotheses for function 'set_u8_with_membarrier':
/*@ behavior typed_ref: requires \valid(target); */
__inline void set_u8_with_membarrier(uint8_t *target, uint8_t val);
[wp] warning: Memory model hypotheses for function 'set_u16_with_membarrier':
/*@ behavior typed_ref: requires \valid(target); */
__inline void set_u16_with_membarrier(uint16_t *target, uint16_t val);
[wp] warning: Memory model hypotheses for function 'set_u32_with_membarrier':
/*@ behavior typed_ref: requires \valid(target); */
__inline void set_u32_with_membarrier(uint32_t *target, uint32_t val);
[wp] warning: Memory model hypotheses for function 'set_bool_with_membarrier':
/*@ behavior typed_ref: requires \valid(target); */
__inline void set_bool_with_membarrier(bool *target, bool val);
[wp] warning: Memory model hypotheses for function 'get_reg_value':
/*@ behavior typed_ref: requires \valid(reg); */
static uint32_t get_reg_value(uint32_t const volatile *reg, uint32_t mask,
                              uint8_t pos);
[wp] warning: Memory model hypotheses for function 'set_reg_value':
/*@ behavior typed_ref: requires \valid(reg); */
static int8_t set_reg_value(register_t reg, uint32_t value, uint32_t mask,
                            uint8_t pos);
[wp] warning: Memory model hypotheses for function 'read_reg_value':
/*@ behavior typed_ref: requires \valid(reg); */
static uint32_t read_reg_value(register_t reg);
[wp] warning: Memory model hypotheses for function 'write_reg_value':
/*@ behavior typed_ref: requires \valid(reg); */
static void write_reg_value(register_t reg, uint32_t value);
[wp] warning: Memory model hypotheses for function 'set_reg_bits':
/*@ behavior typed_ref: requires \valid(reg); */
static void set_reg_bits(register_t reg, uint32_t value);
[wp] warning: Memory model hypotheses for function 'clear_reg_bits':
/*@ behavior typed_ref: requires \valid(reg); */
static void clear_reg_bits(register_t reg, uint32_t value);
[wp] warning: Memory model hypotheses for function 'launch_data_recv_and_exec':
/*@
   behavior typed_ref:
   requires \separated(cbw_0,
              \union(&usbotghs_ctx,&bbb_ctx,&cbw,&state,
                &Frama_C_entropy_source_8,&reset_requested));
   requires \valid(cbw_0);
   */
__inline static void launch_data_recv_and_exec(struct scsi_cbw *cbw_0);
[wp] warning: Memory model hypotheses for function 'set_u8_with_membarrier__fc_inline':
/*@ behavior typed_ref: requires \valid(target); */
__inline static void set_u8_with_membarrier__fc_inline(uint8_t *target,
                                                       uint8_t val);
[wp] warning: Memory model hypotheses for function 'set_u16_with_membarrier__fc_inline':
/*@ behavior typed_ref: requires \valid(target); */
__inline static void set_u16_with_membarrier__fc_inline(uint16_t *target,
                                                        uint16_t val);
[wp] warning: Memory model hypotheses for function 'set_u32_with_membarrier__fc_inline':
/*@ behavior typed_ref: requires \valid(target); */
__inline static void set_u32_with_membarrier__fc_inline(uint32_t *target,
                                                        uint32_t val);
[wp] warning: Memory model hypotheses for function 'set_bool_with_membarrier__fc_inline':
/*@ behavior typed_ref: requires \valid(target); */
__inline static void set_bool_with_membarrier__fc_inline(bool *target,
                                                         bool val);
[wp] warning: Memory model hypotheses for function 'get_reg_value_0':
/*@ behavior typed_ref: requires \valid(reg); */
static uint32_t get_reg_value_0(uint32_t const volatile *reg, uint32_t mask,
                                uint8_t pos);
[wp] warning: Memory model hypotheses for function 'set_reg_value_0':
/*@ behavior typed_ref: requires \valid(reg); */
static int8_t set_reg_value_0(register_t reg, uint32_t value, uint32_t mask,
                              uint8_t pos);
[wp] warning: Memory model hypotheses for function 'read_reg_value_0':
/*@ behavior typed_ref: requires \valid(reg); */
static uint32_t read_reg_value_0(register_t reg);
[wp] warning: Memory model hypotheses for function 'write_reg_value_0':
/*@ behavior typed_ref: requires \valid(reg); */
static void write_reg_value_0(register_t reg, uint32_t value);
[wp] warning: Memory model hypotheses for function 'set_reg_bits_0':
/*@ behavior typed_ref: requires \valid(reg); */
static void set_reg_bits_0(register_t reg, uint32_t value);
[wp] warning: Memory model hypotheses for function 'clear_reg_bits_0':
/*@ behavior typed_ref: requires \valid(reg); */
static void clear_reg_bits_0(register_t reg, uint32_t value);
[wp] warning: Memory model hypotheses for function 'scsi_get_data':
/*@
   behavior typed_ref:
   requires \separated(\union(&usbotghs_ctx,&bbb_ctx,&cbw,&scsi_ctx),
              buffer+(..));
   */
static mbed_error_t scsi_get_data(uint8_t *buffer, uint32_t size);
[wp] warning: Memory model hypotheses for function 'scsi_forge_mode_sense_response':
/*@
   behavior typed_ref:
   requires \separated(response,
              \union(&usbotghs_ctx,&bbb_ctx,&cbw,&state,&scsi_ctx));
   requires \valid(response);
   */
static void scsi_forge_mode_sense_response(u_mode_parameter *response,
                                           uint8_t mode);
[wp] warning: Memory model hypotheses for function 'scsi_cmd_inquiry':
/*@
   behavior typed_ref:
   requires \separated(\union(&usbotghs_ctx,&bbb_ctx,&cbw,&state,&scsi_ctx,
                         scsi_automaton+(..)),cdb+(..));
   */
static void scsi_cmd_inquiry(scsi_state_t current_state,
                             cdb_t const * const cdb);
[wp] warning: Memory model hypotheses for function 'scsi_cmd_prevent_allow_medium_removal':
/*@
   behavior typed_ref:
   requires \separated(current_cdb,
              \union(&usbotghs_ctx,&bbb_ctx,&cbw,&state,&scsi_ctx,
                scsi_automaton+(..)));
   requires \valid(current_cdb);
   */
static void scsi_cmd_prevent_allow_medium_removal(scsi_state_t current_state,
                                                  cdb_t *current_cdb);
[wp] warning: Memory model hypotheses for function 'scsi_cmd_read_format_capacities':
/*@
   behavior typed_ref:
   requires \separated(\union(&usbotghs_ctx,&bbb_ctx,&cbw,&state,&scsi_ctx,
                         scsi_automaton+(..)),current_cdb+(..));
   */
static void scsi_cmd_read_format_capacities(scsi_state_t current_state,
                                            cdb_t *current_cdb);
[wp] warning: Memory model hypotheses for function 'scsi_cmd_read_capacity10':
/*@
   behavior typed_ref:
   requires \separated(current_cdb,
              \union(&usbotghs_ctx,&bbb_ctx,&cbw,&state,&scsi_ctx,
                scsi_automaton+(..)));
   requires \valid(current_cdb);
   */
static void scsi_cmd_read_capacity10(scsi_state_t current_state,
                                     cdb_t *current_cdb);
[wp] warning: Memory model hypotheses for function 'scsi_cmd_read_capacity16':
/*@
   behavior typed_ref:
   requires \separated(\union(&usbotghs_ctx,&bbb_ctx,&cbw,&state,&scsi_ctx,
                         scsi_automaton+(..)),current_cdb+(..));
   */
static void scsi_cmd_read_capacity16(scsi_state_t current_state,
                                     cdb_t *current_cdb);
[wp] warning: Memory model hypotheses for function 'scsi_cmd_report_luns':
/*@
   behavior typed_ref:
   requires \separated(\union(&usbotghs_ctx,&bbb_ctx,&cbw,&state,&scsi_ctx,
                         scsi_automaton+(..)),current_cdb+(..));
   */
static void scsi_cmd_report_luns(scsi_state_t current_state,
                                 cdb_t *current_cdb);
[wp] warning: Memory model hypotheses for function 'scsi_cmd_request_sense':
/*@
   behavior typed_ref:
   requires \separated(current_cdb,
              \union(&usbotghs_ctx,&bbb_ctx,&cbw,&state,&scsi_ctx,
                scsi_automaton+(..)));
   requires \valid(current_cdb);
   */
static void scsi_cmd_request_sense(scsi_state_t current_state,
                                   cdb_t *current_cdb);
[wp] warning: Memory model hypotheses for function 'scsi_cmd_mode_sense10':
/*@
   behavior typed_ref:
   requires \separated(current_cdb,
              \union(&usbotghs_ctx,&bbb_ctx,&cbw,&state,&scsi_ctx,
                scsi_automaton+(..)));
   requires \valid(current_cdb);
   */
static void scsi_cmd_mode_sense10(scsi_state_t current_state,
                                  cdb_t *current_cdb);
[wp] warning: Memory model hypotheses for function 'scsi_cmd_mode_sense6':
/*@
   behavior typed_ref:
   requires \separated(current_cdb,
              \union(&usbotghs_ctx,&bbb_ctx,&cbw,&state,&scsi_ctx,
                scsi_automaton+(..)));
   requires \valid(current_cdb);
   */
static void scsi_cmd_mode_sense6(scsi_state_t current_state,
                                 cdb_t *current_cdb);
[wp] warning: Memory model hypotheses for function 'scsi_cmd_mode_select6':
/*@
   behavior typed_ref:
   requires \separated(current_cdb,
              \union(&usbotghs_ctx,&bbb_ctx,&cbw,&state,&scsi_ctx,
                scsi_automaton+(..)));
   requires \valid(current_cdb);
   */
static void scsi_cmd_mode_select6(scsi_state_t current_state,
                                  cdb_t *current_cdb);
[wp] warning: Memory model hypotheses for function 'scsi_cmd_mode_select10':
/*@
   behavior typed_ref:
   requires \separated(current_cdb,
              \union(&usbotghs_ctx,&bbb_ctx,&cbw,&state,&scsi_ctx,
                scsi_automaton+(..)));
   requires \valid(current_cdb);
   */
static void scsi_cmd_mode_select10(scsi_state_t current_state,
                                   cdb_t *current_cdb);
[wp] warning: Memory model hypotheses for function 'scsi_cmd_test_unit_ready':
/*@
   behavior typed_ref:
   requires \separated(current_cdb,
              \union(&usbotghs_ctx,&bbb_ctx,&cbw,&state,&scsi_ctx,
                scsi_automaton+(..)));
   requires \valid(current_cdb);
   */
static void scsi_cmd_test_unit_ready(scsi_state_t current_state,
                                     cdb_t *current_cdb);
[wp] warning: Memory model hypotheses for function 'scsi_write_data6':
/*@
   behavior typed_ref:
   requires \separated(current_cdb,
              \union(&usbotghs_ctx,&bbb_ctx,&cbw,&state,&scsi_ctx,
                scsi_automaton+(..)));
   requires \valid(current_cdb);
   */
static void scsi_write_data6(scsi_state_t current_state, cdb_t *current_cdb);
[wp] warning: Memory model hypotheses for function 'scsi_write_data10':
/*@
   behavior typed_ref:
   requires \separated(current_cdb,
              \union(&usbotghs_ctx,&bbb_ctx,&cbw,&state,&scsi_ctx,
                scsi_automaton+(..)));
   requires \valid(current_cdb);
   */
static void scsi_write_data10(scsi_state_t current_state, cdb_t *current_cdb);
[wp] warning: Memory model hypotheses for function 'get_reg_value_1':
/*@ behavior typed_ref: requires \valid(reg); */
static uint32_t get_reg_value_1(uint32_t const volatile *reg, uint32_t mask,
                                uint8_t pos);
[wp] warning: Memory model hypotheses for function 'set_reg_value_1':
/*@ behavior typed_ref: requires \valid(reg); */
static int8_t set_reg_value_1(register_t reg, uint32_t value, uint32_t mask,
                              uint8_t pos);
[wp] warning: Memory model hypotheses for function 'read_reg_value_1':
/*@ behavior typed_ref: requires \valid(reg); */
static uint32_t read_reg_value_1(register_t reg);
[wp] warning: Memory model hypotheses for function 'write_reg_value_1':
/*@ behavior typed_ref: requires \valid(reg); */
static void write_reg_value_1(register_t reg, uint32_t value);
[wp] warning: Memory model hypotheses for function 'set_reg_bits_1':
/*@ behavior typed_ref: requires \valid(reg); */
static void set_reg_bits_1(register_t reg, uint32_t value);
[wp] warning: Memory model hypotheses for function 'clear_reg_bits_1':
/*@ behavior typed_ref: requires \valid(reg); */
static void clear_reg_bits_1(register_t reg, uint32_t value);
[wp] warning: Memory model hypotheses for function 'get_reg_value_2':
/*@ behavior typed_ref: requires \valid(reg); */
static uint32_t get_reg_value_2(uint32_t const volatile *reg, uint32_t mask,
                                uint8_t pos);
[wp] warning: Memory model hypotheses for function 'set_reg_value_2':
/*@ behavior typed_ref: requires \valid(reg); */
static int8_t set_reg_value_2(register_t reg, uint32_t value, uint32_t mask,
                              uint8_t pos);
[wp] warning: Memory model hypotheses for function 'read_reg_value_2':
/*@ behavior typed_ref: requires \valid(reg); */
static uint32_t read_reg_value_2(register_t reg);
[wp] warning: Memory model hypotheses for function 'write_reg_value_2':
/*@ behavior typed_ref: requires \valid(reg); */
static void write_reg_value_2(register_t reg, uint32_t value);
[wp] warning: Memory model hypotheses for function 'set_reg_bits_2':
/*@ behavior typed_ref: requires \valid(reg); */
static void set_reg_bits_2(register_t reg, uint32_t value);
[wp] warning: Memory model hypotheses for function 'clear_reg_bits_2':
/*@ behavior typed_ref: requires \valid(reg); */
static void clear_reg_bits_2(register_t reg, uint32_t value);
[wp] warning: Memory model hypotheses for function 'set_u8_with_membarrier__fc_inline_0':
/*@ behavior typed_ref: requires \valid(target); */
__inline static void set_u8_with_membarrier__fc_inline_0(uint8_t *target,
                                                         uint8_t val);
[wp] warning: Memory model hypotheses for function 'set_u16_with_membarrier__fc_inline_0':
/*@ behavior typed_ref: requires \valid(target); */
__inline static void set_u16_with_membarrier__fc_inline_0(uint16_t *target,
                                                          uint16_t val);
[wp] warning: Memory model hypotheses for function 'set_u32_with_membarrier__fc_inline_0':
/*@ behavior typed_ref: requires \valid(target); */
__inline static void set_u32_with_membarrier__fc_inline_0(uint32_t *target,
                                                          uint32_t val);
[wp] warning: Memory model hypotheses for function 'set_bool_with_membarrier__fc_inline_0':
/*@ behavior typed_ref: requires \valid(target); */
__inline static void set_bool_with_membarrier__fc_inline_0(bool *target,
                                                           bool val);
[wp] warning: Memory model hypotheses for function 'get_reg_value_3':
/*@ behavior typed_ref: requires \valid(reg); */
static uint32_t get_reg_value_3(uint32_t const volatile *reg, uint32_t mask,
                                uint8_t pos);
[wp] warning: Memory model hypotheses for function 'set_reg_value_3':
/*@ behavior typed_ref: requires \valid(reg); */
static int8_t set_reg_value_3(register_t reg, uint32_t value, uint32_t mask,
                              uint8_t pos);
[wp] warning: Memory model hypotheses for function 'read_reg_value_3':
/*@ behavior typed_ref: requires \valid(reg); */
static uint32_t read_reg_value_3(register_t reg);
[wp] warning: Memory model hypotheses for function 'write_reg_value_3':
/*@ behavior typed_ref: requires \valid(reg); */
static void write_reg_value_3(register_t reg, uint32_t value);
[wp] warning: Memory model hypotheses for function 'set_reg_bits_3':
/*@ behavior typed_ref: requires \valid(reg); */
static void set_reg_bits_3(register_t reg, uint32_t value);
[wp] warning: Memory model hypotheses for function 'clear_reg_bits_3':
/*@ behavior typed_ref: requires \valid(reg); */
static void clear_reg_bits_3(register_t reg, uint32_t value);
[wp] warning: Memory model hypotheses for function 'set_u8_with_membarrier__fc_inline_1':
/*@ behavior typed_ref: requires \valid(target); */
__inline static void set_u8_with_membarrier__fc_inline_1(uint8_t *target,
                                                         uint8_t val);
[wp] warning: Memory model hypotheses for function 'set_u16_with_membarrier__fc_inline_1':
/*@ behavior typed_ref: requires \valid(target); */
__inline static void set_u16_with_membarrier__fc_inline_1(uint16_t *target,
                                                          uint16_t val);
[wp] warning: Memory model hypotheses for function 'set_u32_with_membarrier__fc_inline_1':
/*@ behavior typed_ref: requires \valid(target); */
__inline static void set_u32_with_membarrier__fc_inline_1(uint32_t *target,
                                                          uint32_t val);
[wp] warning: Memory model hypotheses for function 'set_bool_with_membarrier__fc_inline_1':
/*@ behavior typed_ref: requires \valid(target); */
__inline static void set_bool_with_membarrier__fc_inline_1(bool *target,
                                                           bool val);
[wp] warning: Memory model hypotheses for function 'get_reg_value_4':
/*@ behavior typed_ref: requires \valid(reg); */
static uint32_t get_reg_value_4(uint32_t const volatile *reg, uint32_t mask,
                                uint8_t pos);
[wp] warning: Memory model hypotheses for function 'set_reg_value_4':
/*@ behavior typed_ref: requires \valid(reg); */
static int8_t set_reg_value_4(register_t reg, uint32_t value, uint32_t mask,
                              uint8_t pos);
[wp] warning: Memory model hypotheses for function 'read_reg_value_4':
/*@ behavior typed_ref: requires \valid(reg); */
static uint32_t read_reg_value_4(register_t reg);
[wp] warning: Memory model hypotheses for function 'write_reg_value_4':
/*@ behavior typed_ref: requires \valid(reg); */
static void write_reg_value_4(register_t reg, uint32_t value);
[wp] warning: Memory model hypotheses for function 'set_reg_bits_4':
/*@ behavior typed_ref: requires \valid(reg); */
static void set_reg_bits_4(register_t reg, uint32_t value);
[wp] warning: Memory model hypotheses for function 'clear_reg_bits_4':
/*@ behavior typed_ref: requires \valid(reg); */
static void clear_reg_bits_4(register_t reg, uint32_t value);
[wp] warning: Memory model hypotheses for function 'scsi_get_data_0':
/*@
   behavior typed_ref:
   requires \separated(\union(&usbotghs_ctx,&bbb_ctx,&cbw,&scsi_ctx),
              buffer+(..));
   */
static mbed_error_t scsi_get_data_0(uint8_t *buffer, uint32_t size);
[wp] warning: Memory model hypotheses for function 'scsi_forge_mode_sense_response_0':
/*@
   behavior typed_ref:
   requires \separated(response,
              \union(&usbotghs_ctx,&bbb_ctx,&cbw,&state,&scsi_ctx));
   requires \valid(response);
   */
static void scsi_forge_mode_sense_response_0(u_mode_parameter *response,
                                             uint8_t mode);
[wp] warning: Memory model hypotheses for function 'scsi_cmd_inquiry_0':
/*@
   behavior typed_ref:
   requires \separated(\union(&usbotghs_ctx,&bbb_ctx,&cbw,&state,&scsi_ctx,
                         scsi_automaton+(..)),cdb+(..));
   */
static void scsi_cmd_inquiry_0(scsi_state_t current_state,
                               cdb_t const * const cdb);
[wp] warning: Memory model hypotheses for function 'scsi_cmd_prevent_allow_medium_removal_0':
/*@
   behavior typed_ref:
   requires \separated(current_cdb,
              \union(&usbotghs_ctx,&bbb_ctx,&cbw,&state,&scsi_ctx,
                scsi_automaton+(..)));
   requires \valid(current_cdb);
   */
static void scsi_cmd_prevent_allow_medium_removal_0(scsi_state_t current_state,
                                                    cdb_t *current_cdb);
[wp] warning: Memory model hypotheses for function 'scsi_cmd_read_format_capacities_0':
/*@
   behavior typed_ref:
   requires \separated(\union(&usbotghs_ctx,&bbb_ctx,&cbw,&state,&scsi_ctx,
                         scsi_automaton+(..)),current_cdb+(..));
   */
static void scsi_cmd_read_format_capacities_0(scsi_state_t current_state,
                                              cdb_t *current_cdb);
[wp] warning: Memory model hypotheses for function 'scsi_cmd_read_capacity10_0':
/*@
   behavior typed_ref:
   requires \separated(current_cdb,
              \union(&usbotghs_ctx,&bbb_ctx,&cbw,&state,&scsi_ctx,
                scsi_automaton+(..)));
   requires \valid(current_cdb);
   */
static void scsi_cmd_read_capacity10_0(scsi_state_t current_state,
                                       cdb_t *current_cdb);
[wp] warning: Memory model hypotheses for function 'scsi_cmd_read_capacity16_0':
/*@
   behavior typed_ref:
   requires \separated(\union(&usbotghs_ctx,&bbb_ctx,&cbw,&state,&scsi_ctx,
                         scsi_automaton+(..)),current_cdb+(..));
   */
static void scsi_cmd_read_capacity16_0(scsi_state_t current_state,
                                       cdb_t *current_cdb);
[wp] warning: Memory model hypotheses for function 'scsi_cmd_report_luns_0':
/*@
   behavior typed_ref:
   requires \separated(\union(&usbotghs_ctx,&bbb_ctx,&cbw,&state,&scsi_ctx,
                         scsi_automaton+(..)),current_cdb+(..));
   */
static void scsi_cmd_report_luns_0(scsi_state_t current_state,
                                   cdb_t *current_cdb);
[wp] warning: Memory model hypotheses for function 'scsi_cmd_request_sense_0':
/*@
   behavior typed_ref:
   requires \separated(current_cdb,
              \union(&usbotghs_ctx,&bbb_ctx,&cbw,&state,&scsi_ctx,
                scsi_automaton+(..)));
   requires \valid(current_cdb);
   */
static void scsi_cmd_request_sense_0(scsi_state_t current_state,
                                     cdb_t *current_cdb);
[wp] warning: Memory model hypotheses for function 'scsi_cmd_mode_sense10_0':
/*@
   behavior typed_ref:
   requires \separated(current_cdb,
              \union(&usbotghs_ctx,&bbb_ctx,&cbw,&state,&scsi_ctx,
                scsi_automaton+(..)));
   requires \valid(current_cdb);
   */
static void scsi_cmd_mode_sense10_0(scsi_state_t current_state,
                                    cdb_t *current_cdb);
[wp] warning: Memory model hypotheses for function 'scsi_cmd_mode_sense6_0':
/*@
   behavior typed_ref:
   requires \separated(current_cdb,
              \union(&usbotghs_ctx,&bbb_ctx,&cbw,&state,&scsi_ctx,
                scsi_automaton+(..)));
   requires \valid(current_cdb);
   */
static void scsi_cmd_mode_sense6_0(scsi_state_t current_state,
                                   cdb_t *current_cdb);
[wp] warning: Memory model hypotheses for function 'scsi_cmd_mode_select6_0':
/*@
   behavior typed_ref:
   requires \separated(current_cdb,
              \union(&usbotghs_ctx,&bbb_ctx,&cbw,&state,&scsi_ctx,
                scsi_automaton+(..)));
   requires \valid(current_cdb);
   */
static void scsi_cmd_mode_select6_0(scsi_state_t current_state,
                                    cdb_t *current_cdb);
[wp] warning: Memory model hypotheses for function 'scsi_cmd_mode_select10_0':
/*@
   behavior typed_ref:
   requires \separated(current_cdb,
              \union(&usbotghs_ctx,&bbb_ctx,&cbw,&state,&scsi_ctx,
                scsi_automaton+(..)));
   requires \valid(current_cdb);
   */
static void scsi_cmd_mode_select10_0(scsi_state_t current_state,
                                     cdb_t *current_cdb);
[wp] warning: Memory model hypotheses for function 'scsi_cmd_test_unit_ready_0':
/*@
   behavior typed_ref:
   requires \separated(current_cdb,
              \union(&usbotghs_ctx,&bbb_ctx,&cbw,&state,&scsi_ctx,
                scsi_automaton+(..)));
   requires \valid(current_cdb);
   */
static void scsi_cmd_test_unit_ready_0(scsi_state_t current_state,
                                       cdb_t *current_cdb);
[wp] warning: Memory model hypotheses for function 'scsi_write_data6_0':
/*@
   behavior typed_ref:
   requires \separated(current_cdb,
              \union(&usbotghs_ctx,&bbb_ctx,&cbw,&state,&scsi_ctx,
                scsi_automaton+(..)));
   requires \valid(current_cdb);
   */
static void scsi_write_data6_0(scsi_state_t current_state, cdb_t *current_cdb);
[wp] warning: Memory model hypotheses for function 'scsi_write_data10_0':
/*@
   behavior typed_ref:
   requires \separated(current_cdb,
              \union(&usbotghs_ctx,&bbb_ctx,&cbw,&state,&scsi_ctx,
                scsi_automaton+(..)));
   requires \valid(current_cdb);
   */
static void scsi_write_data10_0(scsi_state_t current_state,
                                cdb_t *current_cdb);
[wp] warning: Memory model hypotheses for function 'get_reg_value_5':
/*@ behavior typed_ref: requires \valid(reg); */
static uint32_t get_reg_value_5(uint32_t const volatile *reg, uint32_t mask,
                                uint8_t pos);
[wp] warning: Memory model hypotheses for function 'set_reg_value_5':
/*@ behavior typed_ref: requires \valid(reg); */
static int8_t set_reg_value_5(register_t reg, uint32_t value, uint32_t mask,
                              uint8_t pos);
[wp] warning: Memory model hypotheses for function 'read_reg_value_5':
/*@ behavior typed_ref: requires \valid(reg); */
static uint32_t read_reg_value_5(register_t reg);
[wp] warning: Memory model hypotheses for function 'write_reg_value_5':
/*@ behavior typed_ref: requires \valid(reg); */
static void write_reg_value_5(register_t reg, uint32_t value);
[wp] warning: Memory model hypotheses for function 'set_reg_bits_5':
/*@ behavior typed_ref: requires \valid(reg); */
static void set_reg_bits_5(register_t reg, uint32_t value);
[wp] warning: Memory model hypotheses for function 'clear_reg_bits_5':
/*@ behavior typed_ref: requires \valid(reg); */
static void clear_reg_bits_5(register_t reg, uint32_t value);
[wp] warning: Memory model hypotheses for function 'get_reg_value_6':
/*@ behavior typed_ref: requires \valid(reg); */
static uint32_t get_reg_value_6(uint32_t const volatile *reg, uint32_t mask,
                                uint8_t pos);
[wp] warning: Memory model hypotheses for function 'set_reg_value_6':
/*@ behavior typed_ref: requires \valid(reg); */
static int8_t set_reg_value_6(register_t reg, uint32_t value, uint32_t mask,
                              uint8_t pos);
[wp] warning: Memory model hypotheses for function 'read_reg_value_6':
/*@ behavior typed_ref: requires \valid(reg); */
static uint32_t read_reg_value_6(register_t reg);
[wp] warning: Memory model hypotheses for function 'write_reg_value_6':
/*@ behavior typed_ref: requires \valid(reg); */
static void write_reg_value_6(register_t reg, uint32_t value);
[wp] warning: Memory model hypotheses for function 'set_reg_bits_6':
/*@ behavior typed_ref: requires \valid(reg); */
static void set_reg_bits_6(register_t reg, uint32_t value);
[wp] warning: Memory model hypotheses for function 'clear_reg_bits_6':
/*@ behavior typed_ref: requires \valid(reg); */
static void clear_reg_bits_6(register_t reg, uint32_t value);
[wp] warning: Memory model hypotheses for function 'set_u8_with_membarrier__fc_inline_2':
/*@ behavior typed_ref: requires \valid(target); */
__inline static void set_u8_with_membarrier__fc_inline_2(uint8_t *target,
                                                         uint8_t val);
[wp] warning: Memory model hypotheses for function 'set_u16_with_membarrier__fc_inline_2':
/*@ behavior typed_ref: requires \valid(target); */
__inline static void set_u16_with_membarrier__fc_inline_2(uint16_t *target,
                                                          uint16_t val);
[wp] warning: Memory model hypotheses for function 'set_u32_with_membarrier__fc_inline_2':
/*@ behavior typed_ref: requires \valid(target); */
__inline static void set_u32_with_membarrier__fc_inline_2(uint32_t *target,
                                                          uint32_t val);
[wp] warning: Memory model hypotheses for function 'set_bool_with_membarrier__fc_inline_2':
/*@ behavior typed_ref: requires \valid(target); */
__inline static void set_bool_with_membarrier__fc_inline_2(bool *target,
                                                           bool val);
[wp] warning: Memory model hypotheses for function 'get_reg_value_7':
/*@ behavior typed_ref: requires \valid(reg); */
static uint32_t get_reg_value_7(uint32_t const volatile *reg, uint32_t mask,
                                uint8_t pos);
[wp] warning: Memory model hypotheses for function 'set_reg_value_7':
/*@ behavior typed_ref: requires \valid(reg); */
static int8_t set_reg_value_7(register_t reg, uint32_t value, uint32_t mask,
                              uint8_t pos);
[wp] warning: Memory model hypotheses for function 'read_reg_value_7':
/*@ behavior typed_ref: requires \valid(reg); */
static uint32_t read_reg_value_7(register_t reg);
[wp] warning: Memory model hypotheses for function 'write_reg_value_7':
/*@ behavior typed_ref: requires \valid(reg); */
static void write_reg_value_7(register_t reg, uint32_t value);
[wp] warning: Memory model hypotheses for function 'set_reg_bits_7':
/*@ behavior typed_ref: requires \valid(reg); */
static void set_reg_bits_7(register_t reg, uint32_t value);
[wp] warning: Memory model hypotheses for function 'clear_reg_bits_7':
/*@ behavior typed_ref: requires \valid(reg); */
static void clear_reg_bits_7(register_t reg, uint32_t value);
